mode: set
github.com/A4-dev-team/mobileorder.git/repositories/item_repository.go:21.48,23.2 1 1
github.com/A4-dev-team/mobileorder.git/repositories/item_repository.go:25.130,29.23 2 1
github.com/A4-dev-team/mobileorder.git/repositories/item_repository.go:29.23,31.3 1 1
github.com/A4-dev-team/mobileorder.git/repositories/item_repository.go:33.2,48.16 3 1
github.com/A4-dev-team/mobileorder.git/repositories/item_repository.go:48.16,50.3 1 0
github.com/A4-dev-team/mobileorder.git/repositories/item_repository.go:51.2,54.72 3 1
github.com/A4-dev-team/mobileorder.git/repositories/item_repository.go:54.72,56.3 1 0
github.com/A4-dev-team/mobileorder.git/repositories/item_repository.go:58.2,58.32 1 1
github.com/A4-dev-team/mobileorder.git/repositories/item_repository.go:58.32,60.3 1 1
github.com/A4-dev-team/mobileorder.git/repositories/item_repository.go:62.2,62.26 1 1
github.com/A4-dev-team/mobileorder.git/repositories/item_repository.go:62.26,64.3 1 1
github.com/A4-dev-team/mobileorder.git/repositories/item_repository.go:66.2,66.21 1 1
github.com/A4-dev-team/mobileorder.git/repositories/item_repository.go:70.85,73.2 1 0
github.com/A4-dev-team/mobileorder.git/repositories/order_repository.go:31.50,33.2 1 1
github.com/A4-dev-team/mobileorder.git/repositories/order_repository.go:35.113,52.16 3 1
github.com/A4-dev-team/mobileorder.git/repositories/order_repository.go:52.16,54.3 1 0
github.com/A4-dev-team/mobileorder.git/repositories/order_repository.go:56.2,57.16 2 1
github.com/A4-dev-team/mobileorder.git/repositories/order_repository.go:57.16,59.3 1 0
github.com/A4-dev-team/mobileorder.git/repositories/order_repository.go:60.2,62.29 2 1
github.com/A4-dev-team/mobileorder.git/repositories/order_repository.go:62.29,63.111 1 1
github.com/A4-dev-team/mobileorder.git/repositories/order_repository.go:63.111,65.4 1 1
github.com/A4-dev-team/mobileorder.git/repositories/order_repository.go:68.2,68.12 1 1
github.com/A4-dev-team/mobileorder.git/repositories/order_repository.go:71.110,74.16 3 1
github.com/A4-dev-team/mobileorder.git/repositories/order_repository.go:74.16,76.3 1 0
github.com/A4-dev-team/mobileorder.git/repositories/order_repository.go:77.2,78.16 2 1
github.com/A4-dev-team/mobileorder.git/repositories/order_repository.go:78.16,80.3 1 0
github.com/A4-dev-team/mobileorder.git/repositories/order_repository.go:81.2,81.23 1 1
github.com/A4-dev-team/mobileorder.git/repositories/order_repository.go:81.23,83.3 1 1
github.com/A4-dev-team/mobileorder.git/repositories/order_repository.go:84.2,84.12 1 1
github.com/A4-dev-team/mobileorder.git/repositories/order_repository.go:98.111,125.106 3 1
github.com/A4-dev-team/mobileorder.git/repositories/order_repository.go:125.106,127.3 1 0
github.com/A4-dev-team/mobileorder.git/repositories/order_repository.go:129.2,129.20 1 1
github.com/A4-dev-team/mobileorder.git/repositories/order_repository.go:133.121,134.24 1 1
github.com/A4-dev-team/mobileorder.git/repositories/order_repository.go:134.24,136.3 1 1
github.com/A4-dev-team/mobileorder.git/repositories/order_repository.go:138.2,144.16 2 1
github.com/A4-dev-team/mobileorder.git/repositories/order_repository.go:144.16,146.3 1 0
github.com/A4-dev-team/mobileorder.git/repositories/order_repository.go:147.2,150.16 3 1
github.com/A4-dev-team/mobileorder.git/repositories/order_repository.go:150.16,152.3 1 0
github.com/A4-dev-team/mobileorder.git/repositories/order_repository.go:153.2,155.18 3 1
github.com/A4-dev-team/mobileorder.git/repositories/order_repository.go:155.18,158.77 3 1
github.com/A4-dev-team/mobileorder.git/repositories/order_repository.go:158.77,160.4 1 0
github.com/A4-dev-team/mobileorder.git/repositories/order_repository.go:161.3,161.54 1 1
github.com/A4-dev-team/mobileorder.git/repositories/order_repository.go:164.2,164.22 1 1
github.com/A4-dev-team/mobileorder.git/repositories/order_repository.go:167.117,170.77 3 1
github.com/A4-dev-team/mobileorder.git/repositories/order_repository.go:170.77,171.27 1 1
github.com/A4-dev-team/mobileorder.git/repositories/order_repository.go:171.27,173.4 1 1
github.com/A4-dev-team/mobileorder.git/repositories/order_repository.go:174.3,174.97 1 0
github.com/A4-dev-team/mobileorder.git/repositories/order_repository.go:176.2,176.20 1 1
github.com/A4-dev-team/mobileorder.git/repositories/order_repository.go:179.113,182.95 3 1
github.com/A4-dev-team/mobileorder.git/repositories/order_repository.go:182.95,184.3 1 0
github.com/A4-dev-team/mobileorder.git/repositories/order_repository.go:185.2,185.19 1 1
github.com/A4-dev-team/mobileorder.git/repositories/order_repository.go:197.146,198.24 1 1
github.com/A4-dev-team/mobileorder.git/repositories/order_repository.go:198.24,200.3 1 1
github.com/A4-dev-team/mobileorder.git/repositories/order_repository.go:201.2,213.16 2 1
github.com/A4-dev-team/mobileorder.git/repositories/order_repository.go:213.16,215.3 1 0
github.com/A4-dev-team/mobileorder.git/repositories/order_repository.go:216.2,219.73 3 1
github.com/A4-dev-team/mobileorder.git/repositories/order_repository.go:219.73,221.3 1 0
github.com/A4-dev-team/mobileorder.git/repositories/order_repository.go:222.2,222.20 1 1
github.com/A4-dev-team/mobileorder.git/repositories/order_repository.go:225.119,229.16 4 1
github.com/A4-dev-team/mobileorder.git/repositories/order_repository.go:229.16,230.36 1 1
github.com/A4-dev-team/mobileorder.git/repositories/order_repository.go:230.36,232.4 1 1
github.com/A4-dev-team/mobileorder.git/repositories/order_repository.go:233.3,233.97 1 0
github.com/A4-dev-team/mobileorder.git/repositories/order_repository.go:236.2,236.20 1 1
github.com/A4-dev-team/mobileorder.git/repositories/order_repository.go:239.127,242.16 3 1
github.com/A4-dev-team/mobileorder.git/repositories/order_repository.go:242.16,244.3 1 0
github.com/A4-dev-team/mobileorder.git/repositories/order_repository.go:245.2,246.16 2 1
github.com/A4-dev-team/mobileorder.git/repositories/order_repository.go:246.16,248.3 1 0
github.com/A4-dev-team/mobileorder.git/repositories/order_repository.go:249.2,249.23 1 1
github.com/A4-dev-team/mobileorder.git/repositories/order_repository.go:249.23,251.3 1 1
github.com/A4-dev-team/mobileorder.git/repositories/order_repository.go:252.2,252.12 1 1
github.com/A4-dev-team/mobileorder.git/repositories/order_repository.go:255.104,258.16 3 1
github.com/A4-dev-team/mobileorder.git/repositories/order_repository.go:258.16,260.3 1 0
github.com/A4-dev-team/mobileorder.git/repositories/order_repository.go:262.2,263.16 2 1
github.com/A4-dev-team/mobileorder.git/repositories/order_repository.go:263.16,265.3 1 0
github.com/A4-dev-team/mobileorder.git/repositories/order_repository.go:267.2,267.23 1 1
github.com/A4-dev-team/mobileorder.git/repositories/order_repository.go:267.23,269.3 1 1
github.com/A4-dev-team/mobileorder.git/repositories/order_repository.go:271.2,271.12 1 1
github.com/A4-dev-team/mobileorder.git/repositories/shop_repository.go:18.48,20.2 1 1
github.com/A4-dev-team/mobileorder.git/repositories/shop_repository.go:22.92,30.16 4 1
github.com/A4-dev-team/mobileorder.git/repositories/shop_repository.go:30.16,32.3 1 0
github.com/A4-dev-team/mobileorder.git/repositories/shop_repository.go:34.2,34.22 1 1
github.com/A4-dev-team/mobileorder.git/repositories/shop_repository.go:35.9,36.118 1 1
github.com/A4-dev-team/mobileorder.git/repositories/shop_repository.go:37.9,38.25 1 1
github.com/A4-dev-team/mobileorder.git/repositories/shop_repository.go:39.10,41.86 2 1
github.com/A4-dev-team/mobileorder.git/repositories/user_repository.go:22.48,24.2 1 1
github.com/A4-dev-team/mobileorder.git/repositories/user_repository.go:26.83,35.16 4 1
github.com/A4-dev-team/mobileorder.git/repositories/user_repository.go:35.16,36.64 1 1
github.com/A4-dev-team/mobileorder.git/repositories/user_repository.go:36.64,38.4 1 1
github.com/A4-dev-team/mobileorder.git/repositories/user_repository.go:39.3,39.95 1 0
github.com/A4-dev-team/mobileorder.git/repositories/user_repository.go:41.2,41.12 1 1
github.com/A4-dev-team/mobileorder.git/repositories/user_repository.go:44.97,47.66 3 1
github.com/A4-dev-team/mobileorder.git/repositories/user_repository.go:47.66,48.36 1 1
github.com/A4-dev-team/mobileorder.git/repositories/user_repository.go:48.36,50.4 1 1
github.com/A4-dev-team/mobileorder.git/repositories/user_repository.go:51.3,51.113 1 0
github.com/A4-dev-team/mobileorder.git/repositories/user_repository.go:53.2,53.18 1 1
